<?xml version="1.0" encoding="UTF-8"?>
<testsuite xmlns:xsi="http://www.w3.org/2001/XMLSchema-instance" xsi:noNamespaceSchemaLocation="https://maven.apache.org/surefire/maven-surefire-plugin/xsd/surefire-test-report-3.0.xsd" version="3.0" name="se.iths.MainMenuTest" time="2.303" tests="11" errors="0" skipped="0" failures="0">
  <properties>
    <property name="java.specification.version" value="20"/>
    <property name="sun.cpu.isalist" value="amd64"/>
    <property name="sun.jnu.encoding" value="Cp1252"/>
    <property name="java.class.path" value="c:\javaLocal\Enhetstestning\trailrunner\target\test-classes;c:\javaLocal\Enhetstestning\trailrunner\target\classes;C:\Users\steph\.m2\repository\org\junit\jupiter\junit-jupiter-engine\5.9.1\junit-jupiter-engine-5.9.1.jar;C:\Users\steph\.m2\repository\org\junit\platform\junit-platform-engine\1.9.1\junit-platform-engine-1.9.1.jar;C:\Users\steph\.m2\repository\org\opentest4j\opentest4j\1.2.0\opentest4j-1.2.0.jar;C:\Users\steph\.m2\repository\org\junit\platform\junit-platform-commons\1.9.1\junit-platform-commons-1.9.1.jar;C:\Users\steph\.m2\repository\org\junit\jupiter\junit-jupiter-api\5.9.1\junit-jupiter-api-5.9.1.jar;C:\Users\steph\.m2\repository\org\apiguardian\apiguardian-api\1.1.2\apiguardian-api-1.1.2.jar;C:\Users\steph\.m2\repository\org\mockito\mockito-core\5.8.0\mockito-core-5.8.0.jar;C:\Users\steph\.m2\repository\net\bytebuddy\byte-buddy\1.14.10\byte-buddy-1.14.10.jar;C:\Users\steph\.m2\repository\net\bytebuddy\byte-buddy-agent\1.14.10\byte-buddy-agent-1.14.10.jar;C:\Users\steph\.m2\repository\org\objenesis\objenesis\3.3\objenesis-3.3.jar;"/>
    <property name="java.vm.vendor" value="Oracle Corporation"/>
    <property name="sun.arch.data.model" value="64"/>
    <property name="user.variant" value=""/>
    <property name="java.vendor.url" value="https://java.oracle.com/"/>
    <property name="user.timezone" value="Europe/Stockholm"/>
    <property name="os.name" value="Windows 10"/>
    <property name="java.vm.specification.version" value="20"/>
    <property name="sun.java.launcher" value="SUN_STANDARD"/>
    <property name="user.country" value="SE"/>
    <property name="sun.boot.library.path" value="C:\Program Files\Java\jdk-20\bin"/>
    <property name="sun.java.command" value="C:\Users\steph\AppData\Local\Temp\surefire1700686572486397005\surefirebooter-20240115144054579_3.jar C:\Users\steph\AppData\Local\Temp\surefire1700686572486397005 2024-01-15T14-40-54_377-jvmRun1 surefire-20240115144054579_1tmp surefire_0-20240115144054579_2tmp"/>
    <property name="jdk.debug" value="release"/>
    <property name="surefire.test.class.path" value="c:\javaLocal\Enhetstestning\trailrunner\target\test-classes;c:\javaLocal\Enhetstestning\trailrunner\target\classes;C:\Users\steph\.m2\repository\org\junit\jupiter\junit-jupiter-engine\5.9.1\junit-jupiter-engine-5.9.1.jar;C:\Users\steph\.m2\repository\org\junit\platform\junit-platform-engine\1.9.1\junit-platform-engine-1.9.1.jar;C:\Users\steph\.m2\repository\org\opentest4j\opentest4j\1.2.0\opentest4j-1.2.0.jar;C:\Users\steph\.m2\repository\org\junit\platform\junit-platform-commons\1.9.1\junit-platform-commons-1.9.1.jar;C:\Users\steph\.m2\repository\org\junit\jupiter\junit-jupiter-api\5.9.1\junit-jupiter-api-5.9.1.jar;C:\Users\steph\.m2\repository\org\apiguardian\apiguardian-api\1.1.2\apiguardian-api-1.1.2.jar;C:\Users\steph\.m2\repository\org\mockito\mockito-core\5.8.0\mockito-core-5.8.0.jar;C:\Users\steph\.m2\repository\net\bytebuddy\byte-buddy\1.14.10\byte-buddy-1.14.10.jar;C:\Users\steph\.m2\repository\net\bytebuddy\byte-buddy-agent\1.14.10\byte-buddy-agent-1.14.10.jar;C:\Users\steph\.m2\repository\org\objenesis\objenesis\3.3\objenesis-3.3.jar;"/>
    <property name="sun.cpu.endian" value="little"/>
    <property name="user.home" value="C:\Users\steph"/>
    <property name="user.language" value="sv"/>
    <property name="java.specification.vendor" value="Oracle Corporation"/>
    <property name="java.version.date" value="2023-07-18"/>
    <property name="java.home" value="C:\Program Files\Java\jdk-20"/>
    <property name="file.separator" value="\"/>
    <property name="basedir" value="c:\javaLocal\Enhetstestning\trailrunner"/>
    <property name="java.vm.compressedOopsMode" value="32-bit"/>
    <property name="line.separator" value="&#10;"/>
    <property name="java.vm.specification.vendor" value="Oracle Corporation"/>
    <property name="java.specification.name" value="Java Platform API Specification"/>
    <property name="surefire.real.class.path" value="C:\Users\steph\AppData\Local\Temp\surefire1700686572486397005\surefirebooter-20240115144054579_3.jar"/>
    <property name="user.script" value=""/>
    <property name="sun.management.compiler" value="HotSpot 64-Bit Tiered Compilers"/>
    <property name="java.runtime.version" value="20.0.2+9-78"/>
    <property name="user.name" value="steph"/>
    <property name="stdout.encoding" value="Cp1252"/>
    <property name="path.separator" value=";"/>
    <property name="os.version" value="10.0"/>
    <property name="java.runtime.name" value="Java(TM) SE Runtime Environment"/>
    <property name="file.encoding" value="UTF-8"/>
    <property name="java.vm.name" value="Java HotSpot(TM) 64-Bit Server VM"/>
    <property name="localRepository" value="C:\Users\steph\.m2\repository"/>
    <property name="java.vendor.url.bug" value="https://bugreport.java.com/bugreport/"/>
    <property name="java.io.tmpdir" value="C:\Users\steph\AppData\Local\Temp\"/>
    <property name="java.version" value="20.0.2"/>
    <property name="user.dir" value="c:\javaLocal\Enhetstestning\trailrunner"/>
    <property name="os.arch" value="amd64"/>
    <property name="java.vm.specification.name" value="Java Virtual Machine Specification"/>
    <property name="sun.os.patch.level" value=""/>
    <property name="native.encoding" value="Cp1252"/>
    <property name="java.library.path" value="C:\Program Files\Java\jdk-20\bin;C:\Windows\Sun\Java\bin;C:\Windows\system32;C:\Windows;C:\Program Files\Common Files\Oracle\Java\javapath;C:\Windows\system32;C:\Windows;C:\Windows\System32\Wbem;C:\Windows\System32\WindowsPowerShell\v1.0\;C:\Windows\System32\OpenSSH\;C:\Program Files\Git\cmd;C:\Program Files\dotnet\;C:\Program Files\apache-maven-3.9.6\bin;C:\Users\steph\AppData\Local\Microsoft\WindowsApps;C:\Users\steph\AppData\Local\Programs\Microsoft VS Code\bin;;."/>
    <property name="java.vm.info" value="mixed mode, sharing"/>
    <property name="stderr.encoding" value="Cp1252"/>
    <property name="java.vendor" value="Oracle Corporation"/>
    <property name="java.vm.version" value="20.0.2+9-78"/>
    <property name="sun.io.unicode.encoding" value="UnicodeLittle"/>
    <property name="java.class.version" value="64.0"/>
  </properties>
  <testcase name="enteredDistanceIsReturnedByMethod" classname="se.iths.MainMenuTest" time="2.118">
    <system-out><![CDATA[Ange löprundans distans: 
]]></system-out>
  </testcase>
  <testcase name="enteredWeightGetsReturned" classname="se.iths.MainMenuTest" time="0.006">
    <system-out><![CDATA[Ange din vikt (kg): 
]]></system-out>
  </testcase>
  <testcase name="enteredDateIsReturnedByMethod" classname="se.iths.MainMenuTest" time="0.004">
    <system-out><![CDATA[Ange datumet för löprundan (YYYY-MM-DD): 
]]></system-out>
  </testcase>
  <testcase name="ifEnteredDateEmptyReturnTodaysDate" classname="se.iths.MainMenuTest" time="0.011">
    <system-out><![CDATA[Ange datumet för löprundan (YYYY-MM-DD): 
]]></system-out>
  </testcase>
  <testcase name="enteredTimeIsReturnedByMethod" classname="se.iths.MainMenuTest" time="0.006">
    <system-out><![CDATA[Ange löprundans tid (H:M:S): 
]]></system-out>
  </testcase>
  <testcase name="enteredHeightGetsReturned" classname="se.iths.MainMenuTest" time="0.011">
    <system-out><![CDATA[Ange din längd (cm): 
]]></system-out>
  </testcase>
  <testcase name="splitRunTimeToArrayWithElements0and12and30" classname="se.iths.MainMenuTest" time="0.005"/>
  <testcase name="ifEntered20220101ReturnSameDate" classname="se.iths.MainMenuTest" time="0.008">
    <system-out><![CDATA[Ange datumet för löprundan (YYYY-MM-DD): 
]]></system-out>
  </testcase>
  <testcase name="whenUserTypesInOneRunOneGetsSelectedForDeletion" classname="se.iths.MainMenuTest" time="0.0">
    <system-out><![CDATA[Ange ID-numret på den löprundan du vill radera från historiken: 
]]></system-out>
  </testcase>
  <testcase name="whenUserTypesInOneRunOneGetsSelectedForDetailViewing" classname="se.iths.MainMenuTest" time="0.004">
    <system-out><![CDATA[Ange ID-numret på den löprundan du vill se detaljer för: 
]]></system-out>
  </testcase>
  <testcase name="enteredHeight180AndWeight60ReturnsBMIEighteenPointFive" classname="se.iths.MainMenuTest" time="0.008">
    <system-out><![CDATA[Ange din längd (cm): 
Ange din vikt (kg): 
]]></system-out>
  </testcase>
</testsuite>